<?xml version="1.0" encoding="UTF-8"?>
<!-- Generated by org.testng.reporters.JUnitXMLReporter -->
<testsuite ignored="2" hostname="DESKTOP-G1PTS1L" failures="0" tests="1" name="Default test" time="5.003" errors="0" timestamp="2023-10-20T15:44:20 IST">
  <testcase classname="testcase.Register" name="verifyIfUserDisplayedErrorMsgWhenDetailsNotEntered" time="1.018"/>
  <testcase classname="testcase.Register" name="verifyIfUserIsableToRegisterFromNewCustomerPage" time="0.0">
    <ignored/>
  </testcase> <!-- verifyIfUserIsableToRegisterFromNewCustomerPage -->
  <testcase classname="testcase.Register" name="verifyIfUserIsableToRegisterUsingMyAccountRegisterButton" time="0.0">
    <ignored/>
  </testcase> <!-- verifyIfUserIsableToRegisterUsingMyAccountRegisterButton -->
</testsuite> <!-- Default test -->
