<?xml version="1.0" encoding="UTF-8"?>
<!-- Generated by org.testng.reporters.JUnitXMLReporter -->
<testsuite ignored="0" hostname="DESKTOP-G1PTS1L" failures="0" tests="4" name="Default test" time="21.476" errors="0" timestamp="2023-10-27T21:58:17 IST">
  <testcase classname="testcase.Login" name="loginTest" time="0.906"/>
  <testcase classname="testcase.Login" name="loginTest" time="0.871"/>
  <testcase classname="testcase.Login" name="loginTest" time="0.887"/>
  <testcase classname="testcase.Login" name="loginTest" time="1.235"/>
</testsuite> <!-- Default test -->
