<?xml version="1.0" encoding="UTF-8"?>
<!-- Generated by org.testng.reporters.JUnitXMLReporter -->
<testsuite ignored="0" hostname="DESKTOP-G1PTS1L" failures="0" tests="9" name="Test1" time="51.981" errors="0" timestamp="2023-10-16T23:10:01 IST">
  <testcase classname="testcase.Login" name="verifyWithValidCredentials" time="1.064"/>
  <testcase classname="testcase.Login" name="verifyIfErrorMessageIsDisplayedForInvalidPassword" time="2.885"/>
  <testcase classname="testcase.Register" name="verifyIfUserIsableToRegisterUsingMyAccountRegisterButton" time="1.584"/>
  <testcase classname="testcase.Register" name="verifyIfUserIsableToRegisterFromNewCustomerPage" time="1.826"/>
  <testcase classname="testcase.Desktop" name="addToCartDesktopPcTest" time="8.424"/>
  <testcase classname="testcase.Desktop" name="addToCartDesktopMacTest" time="0.624"/>
  <testcase classname="testcase.Search" name="verifyIfSearchItemIsDisplayed" time="8.393"/>
  <testcase classname="testcase.Search" name="verifyIfSearchItemIsDisplayed" time="0.362"/>
  <testcase classname="testcase.Search" name="verifyIfSearchItemIsDisplayed" time="0.418"/>
</testsuite> <!-- Test1 -->
