<?xml version="1.0" encoding="UTF-8"?>
<testng-results ignored="0" total="5" passed="5" failed="0" skipped="0">
  <reporter-output>
  </reporter-output>
  <suite started-at="2023-12-05T19:10:02 IST" name="Suite1" finished-at="2023-12-05T19:10:31 IST" duration-ms="29403">
    <groups>
    </groups>
    <test started-at="2023-12-05T19:10:02 IST" name="Test1" finished-at="2023-12-05T19:10:31 IST" duration-ms="29403">
      <class name="testcase.LoginTest">
        <test-method is-config="true" signature="setUp()[pri:0, instance:testcase.LoginTest@4e928fbf]" started-at="2023-12-05T19:10:03 IST" name="setUp" finished-at="2023-12-05T19:10:08 IST" duration-ms="4753" status="PASS">
          <reporter-output>
          </reporter-output>
        </test-method> <!-- setUp -->
        <test-method signature="loginWithValidUser(java.lang.String,java.lang.String)[pri:0, instance:testcase.LoginTest@4e928fbf]" started-at="2023-12-05T19:10:08 IST" name="loginWithValidUser" data-provider="testdata" finished-at="2023-12-05T19:10:09 IST" duration-ms="1272" status="PASS">
          <params>
            <param index="0">
              <value>
                <![CDATA[testing@yopmail.com]]>
              </value>
            </param>
            <param index="1">
              <value>
                <![CDATA[Test@123]]>
              </value>
            </param>
          </params>
          <reporter-output>
          </reporter-output>
        </test-method> <!-- loginWithValidUser -->
        <test-method is-config="true" signature="afterTest()[pri:0, instance:testcase.LoginTest@4e928fbf]" started-at="2023-12-05T19:10:09 IST" name="afterTest" finished-at="2023-12-05T19:10:09 IST" duration-ms="317" status="PASS">
          <reporter-output>
          </reporter-output>
        </test-method> <!-- afterTest -->
      </class> <!-- testcase.LoginTest -->
      <class name="testcase.ItemsTest">
        <test-method is-config="true" signature="setUp()[pri:0, instance:testcase.ItemsTest@3224a577]" started-at="2023-12-05T19:10:19 IST" name="setUp" finished-at="2023-12-05T19:10:22 IST" duration-ms="2767" status="PASS">
          <reporter-output>
          </reporter-output>
        </test-method> <!-- setUp -->
        <test-method signature="verifyPriceValuesInItemsBucket(java.lang.String)[pri:1, instance:testcase.ItemsTest@3224a577]" started-at="2023-12-05T19:10:22 IST" name="verifyPriceValuesInItemsBucket" data-provider="testdata" finished-at="2023-12-05T19:10:25 IST" duration-ms="2902" status="PASS">
          <params>
            <param index="0">
              <value>
                <![CDATA[mac]]>
              </value>
            </param>
          </params>
          <reporter-output>
          </reporter-output>
        </test-method> <!-- verifyPriceValuesInItemsBucket -->
        <test-method is-config="true" signature="afterTest()[pri:0, instance:testcase.ItemsTest@3224a577]" started-at="2023-12-05T19:10:25 IST" name="afterTest" finished-at="2023-12-05T19:10:25 IST" duration-ms="239" status="PASS">
          <reporter-output>
          </reporter-output>
        </test-method> <!-- afterTest -->
        <test-method is-config="true" signature="setUp()[pri:0, instance:testcase.ItemsTest@3224a577]" started-at="2023-12-05T19:10:25 IST" name="setUp" finished-at="2023-12-05T19:10:28 IST" duration-ms="2638" status="PASS">
          <reporter-output>
          </reporter-output>
        </test-method> <!-- setUp -->
        <test-method signature="verifyViewCartErrormessage(java.lang.String)[pri:2, instance:testcase.ItemsTest@3224a577]" started-at="2023-12-05T19:10:28 IST" name="verifyViewCartErrormessage" data-provider="testdata" finished-at="2023-12-05T19:10:31 IST" duration-ms="3358" status="PASS">
          <params>
            <param index="0">
              <value>
                <![CDATA[mac]]>
              </value>
            </param>
          </params>
          <reporter-output>
          </reporter-output>
        </test-method> <!-- verifyViewCartErrormessage -->
        <test-method is-config="true" signature="afterTest()[pri:0, instance:testcase.ItemsTest@3224a577]" started-at="2023-12-05T19:10:31 IST" name="afterTest" finished-at="2023-12-05T19:10:31 IST" duration-ms="275" status="PASS">
          <reporter-output>
          </reporter-output>
        </test-method> <!-- afterTest -->
      </class> <!-- testcase.ItemsTest -->
      <class name="utilities.TestUtils">
        <test-method is-config="true" signature="InitExentReport()[pri:0, instance:utilities.TestUtils@7f284218]" started-at="2023-12-05T19:10:02 IST" name="InitExentReport" finished-at="2023-12-05T19:10:02 IST" duration-ms="300" status="PASS">
          <reporter-output>
          </reporter-output>
        </test-method> <!-- InitExentReport -->
        <test-method is-config="true" signature="generateReports()[pri:0, instance:utilities.TestUtils@7f284218]" started-at="2023-12-05T19:10:32 IST" name="generateReports" finished-at="2023-12-05T19:10:32 IST" duration-ms="583" status="PASS">
          <reporter-output>
          </reporter-output>
        </test-method> <!-- generateReports -->
      </class> <!-- utilities.TestUtils -->
      <class name="testcase.SearchTest">
        <test-method is-config="true" signature="setUp()[pri:0, instance:testcase.SearchTest@352ff4da]" started-at="2023-12-05T19:10:09 IST" name="setUp" finished-at="2023-12-05T19:10:12 IST" duration-ms="2951" status="PASS">
          <reporter-output>
          </reporter-output>
        </test-method> <!-- setUp -->
        <test-method signature="verifyIfMacProductsAreDisplayed(java.lang.String)[pri:1, instance:testcase.SearchTest@352ff4da]" started-at="2023-12-05T19:10:12 IST" name="verifyIfMacProductsAreDisplayed" data-provider="testdata" finished-at="2023-12-05T19:10:13 IST" duration-ms="946" status="PASS">
          <params>
            <param index="0">
              <value>
                <![CDATA[mac]]>
              </value>
            </param>
          </params>
          <reporter-output>
          </reporter-output>
        </test-method> <!-- verifyIfMacProductsAreDisplayed -->
        <test-method is-config="true" signature="afterTest()[pri:0, instance:testcase.SearchTest@352ff4da]" started-at="2023-12-05T19:10:13 IST" name="afterTest" finished-at="2023-12-05T19:10:13 IST" duration-ms="229" status="PASS">
          <reporter-output>
          </reporter-output>
        </test-method> <!-- afterTest -->
        <test-method is-config="true" signature="setUp()[pri:0, instance:testcase.SearchTest@352ff4da]" started-at="2023-12-05T19:10:14 IST" name="setUp" finished-at="2023-12-05T19:10:18 IST" duration-ms="4109" status="PASS">
          <reporter-output>
          </reporter-output>
        </test-method> <!-- setUp -->
        <test-method signature="addImacToCart(java.lang.String)[pri:2, instance:testcase.SearchTest@352ff4da]" started-at="2023-12-05T19:10:18 IST" name="addImacToCart" data-provider="testdata" finished-at="2023-12-05T19:10:19 IST" duration-ms="993" status="PASS">
          <params>
            <param index="0">
              <value>
                <![CDATA[mac]]>
              </value>
            </param>
          </params>
          <reporter-output>
          </reporter-output>
        </test-method> <!-- addImacToCart -->
        <test-method is-config="true" signature="afterTest()[pri:0, instance:testcase.SearchTest@352ff4da]" started-at="2023-12-05T19:10:19 IST" name="afterTest" finished-at="2023-12-05T19:10:19 IST" duration-ms="246" status="PASS">
          <reporter-output>
          </reporter-output>
        </test-method> <!-- afterTest -->
      </class> <!-- testcase.SearchTest -->
    </test> <!-- Test1 -->
  </suite> <!-- Suite1 -->
</testng-results>
