<?xml version="1.0" encoding="UTF-8"?>
<testng-results ignored="0" total="5" passed="5" failed="0" skipped="0">
  <reporter-output>
  </reporter-output>
  <suite started-at="2023-12-07T20:00:49 IST" name="Suite1" finished-at="2023-12-07T20:01:15 IST" duration-ms="25926">
    <groups>
    </groups>
    <test started-at="2023-12-07T20:00:49 IST" name="Test1" finished-at="2023-12-07T20:01:15 IST" duration-ms="25926">
      <class name="testcase.LoginTest">
        <test-method is-config="true" signature="setUp()[pri:0, instance:testcase.LoginTest@f627d13]" started-at="2023-12-07T20:00:50 IST" name="setUp" finished-at="2023-12-07T20:00:55 IST" duration-ms="4902" status="PASS">
          <reporter-output>
          </reporter-output>
        </test-method> <!-- setUp -->
        <test-method signature="loginWithValidUser(java.lang.String,java.lang.String)[pri:0, instance:testcase.LoginTest@f627d13]" started-at="2023-12-07T20:00:55 IST" name="loginWithValidUser" data-provider="testdata" finished-at="2023-12-07T20:00:56 IST" duration-ms="1317" status="PASS">
          <params>
            <param index="0">
              <value>
                <![CDATA[testing@yopmail.com]]>
              </value>
            </param>
            <param index="1">
              <value>
                <![CDATA[Test@123]]>
              </value>
            </param>
          </params>
          <reporter-output>
          </reporter-output>
        </test-method> <!-- loginWithValidUser -->
        <test-method is-config="true" signature="afterTest()[pri:0, instance:testcase.LoginTest@f627d13]" started-at="2023-12-07T20:00:56 IST" name="afterTest" finished-at="2023-12-07T20:00:57 IST" duration-ms="241" status="PASS">
          <reporter-output>
          </reporter-output>
        </test-method> <!-- afterTest -->
      </class> <!-- testcase.LoginTest -->
      <class name="testcase.ItemsTest">
        <test-method is-config="true" signature="setUp()[pri:0, instance:testcase.ItemsTest@352ff4da]" started-at="2023-12-07T20:01:04 IST" name="setUp" finished-at="2023-12-07T20:01:06 IST" duration-ms="2280" status="PASS">
          <reporter-output>
          </reporter-output>
        </test-method> <!-- setUp -->
        <test-method signature="verifyPriceValuesInItemsBucket(java.lang.String)[pri:1, instance:testcase.ItemsTest@352ff4da]" started-at="2023-12-07T20:01:06 IST" name="verifyPriceValuesInItemsBucket" data-provider="testdata" finished-at="2023-12-07T20:01:09 IST" duration-ms="2816" status="PASS">
          <params>
            <param index="0">
              <value>
                <![CDATA[mac]]>
              </value>
            </param>
          </params>
          <reporter-output>
          </reporter-output>
        </test-method> <!-- verifyPriceValuesInItemsBucket -->
        <test-method is-config="true" signature="afterTest()[pri:0, instance:testcase.ItemsTest@352ff4da]" started-at="2023-12-07T20:01:09 IST" name="afterTest" finished-at="2023-12-07T20:01:09 IST" duration-ms="218" status="PASS">
          <reporter-output>
          </reporter-output>
        </test-method> <!-- afterTest -->
        <test-method is-config="true" signature="setUp()[pri:0, instance:testcase.ItemsTest@352ff4da]" started-at="2023-12-07T20:01:09 IST" name="setUp" finished-at="2023-12-07T20:01:11 IST" duration-ms="2324" status="PASS">
          <reporter-output>
          </reporter-output>
        </test-method> <!-- setUp -->
        <test-method signature="verifyViewCartErrormessage(java.lang.String)[pri:2, instance:testcase.ItemsTest@352ff4da]" started-at="2023-12-07T20:01:11 IST" name="verifyViewCartErrormessage" data-provider="testdata" finished-at="2023-12-07T20:01:15 IST" duration-ms="3474" status="PASS">
          <params>
            <param index="0">
              <value>
                <![CDATA[mac]]>
              </value>
            </param>
          </params>
          <reporter-output>
          </reporter-output>
        </test-method> <!-- verifyViewCartErrormessage -->
        <test-method is-config="true" signature="afterTest()[pri:0, instance:testcase.ItemsTest@352ff4da]" started-at="2023-12-07T20:01:15 IST" name="afterTest" finished-at="2023-12-07T20:01:15 IST" duration-ms="272" status="PASS">
          <reporter-output>
          </reporter-output>
        </test-method> <!-- afterTest -->
      </class> <!-- testcase.ItemsTest -->
      <class name="testcase.SearchTest">
        <test-method is-config="true" signature="setUp()[pri:0, instance:testcase.SearchTest@4e928fbf]" started-at="2023-12-07T20:00:57 IST" name="setUp" finished-at="2023-12-07T20:00:59 IST" duration-ms="2189" status="PASS">
          <reporter-output>
          </reporter-output>
        </test-method> <!-- setUp -->
        <test-method signature="verifyIfMacProductsAreDisplayed(java.lang.String)[pri:1, instance:testcase.SearchTest@4e928fbf]" started-at="2023-12-07T20:00:59 IST" name="verifyIfMacProductsAreDisplayed" data-provider="testdata" finished-at="2023-12-07T20:01:00 IST" duration-ms="882" status="PASS">
          <params>
            <param index="0">
              <value>
                <![CDATA[mac]]>
              </value>
            </param>
          </params>
          <reporter-output>
          </reporter-output>
        </test-method> <!-- verifyIfMacProductsAreDisplayed -->
        <test-method is-config="true" signature="afterTest()[pri:0, instance:testcase.SearchTest@4e928fbf]" started-at="2023-12-07T20:01:00 IST" name="afterTest" finished-at="2023-12-07T20:01:00 IST" duration-ms="225" status="PASS">
          <reporter-output>
          </reporter-output>
        </test-method> <!-- afterTest -->
        <test-method is-config="true" signature="setUp()[pri:0, instance:testcase.SearchTest@4e928fbf]" started-at="2023-12-07T20:01:00 IST" name="setUp" finished-at="2023-12-07T20:01:03 IST" duration-ms="2471" status="PASS">
          <reporter-output>
          </reporter-output>
        </test-method> <!-- setUp -->
        <test-method signature="addImacToCart(java.lang.String)[pri:2, instance:testcase.SearchTest@4e928fbf]" started-at="2023-12-07T20:01:03 IST" name="addImacToCart" data-provider="testdata" finished-at="2023-12-07T20:01:03 IST" duration-ms="788" status="PASS">
          <params>
            <param index="0">
              <value>
                <![CDATA[mac]]>
              </value>
            </param>
          </params>
          <reporter-output>
          </reporter-output>
        </test-method> <!-- addImacToCart -->
        <test-method is-config="true" signature="afterTest()[pri:0, instance:testcase.SearchTest@4e928fbf]" started-at="2023-12-07T20:01:03 IST" name="afterTest" finished-at="2023-12-07T20:01:04 IST" duration-ms="184" status="PASS">
          <reporter-output>
          </reporter-output>
        </test-method> <!-- afterTest -->
      </class> <!-- testcase.SearchTest -->
      <class name="utilities.TestUtils">
        <test-method is-config="true" signature="InitExentReport()[pri:0, instance:utilities.TestUtils@4d6025c5]" started-at="2023-12-07T20:00:49 IST" name="InitExentReport" finished-at="2023-12-07T20:00:49 IST" duration-ms="243" status="PASS">
          <reporter-output>
          </reporter-output>
        </test-method> <!-- InitExentReport -->
        <test-method is-config="true" signature="generateReports()[pri:0, instance:utilities.TestUtils@4d6025c5]" started-at="2023-12-07T20:01:16 IST" name="generateReports" finished-at="2023-12-07T20:01:17 IST" duration-ms="970" status="PASS">
          <reporter-output>
          </reporter-output>
        </test-method> <!-- generateReports -->
      </class> <!-- utilities.TestUtils -->
    </test> <!-- Test1 -->
  </suite> <!-- Suite1 -->
</testng-results>
