<?xml version="1.0" encoding="UTF-8"?>
<testng-results ignored="1" total="2" passed="1" failed="0" skipped="0">
  <reporter-output>
  </reporter-output>
  <suite started-at="2023-12-04T01:49:35 IST" name="Default suite" finished-at="2023-12-04T01:49:44 IST" duration-ms="8973">
    <groups>
    </groups>
    <test started-at="2023-12-04T01:49:35 IST" name="Default test" finished-at="2023-12-04T01:49:44 IST" duration-ms="8973">
      <class name="testcase.ItemsTest">
        <test-method is-config="true" signature="setUp()[pri:0, instance:testcase.ItemsTest@1151e434]" started-at="2023-12-04T01:49:36 IST" name="setUp" finished-at="2023-12-04T01:49:40 IST" duration-ms="3883" status="PASS">
          <reporter-output>
          </reporter-output>
        </test-method> <!-- setUp -->
        <test-method signature="verifyViewCartErrormessage(java.lang.String)[pri:2, instance:testcase.ItemsTest@1151e434]" started-at="2023-12-04T01:49:40 IST" name="verifyViewCartErrormessage" data-provider="testdata" finished-at="2023-12-04T01:49:44 IST" duration-ms="3554" status="PASS">
          <params>
            <param index="0">
              <value>
                <![CDATA[mac]]>
              </value>
            </param>
          </params>
          <reporter-output>
          </reporter-output>
        </test-method> <!-- verifyViewCartErrormessage -->
        <test-method is-config="true" signature="afterTest()[pri:0, instance:testcase.ItemsTest@1151e434]" started-at="2023-12-04T01:49:44 IST" name="afterTest" finished-at="2023-12-04T01:49:44 IST" duration-ms="251" status="PASS">
          <reporter-output>
          </reporter-output>
        </test-method> <!-- afterTest -->
      </class> <!-- testcase.ItemsTest -->
    </test> <!-- Default test -->
  </suite> <!-- Default suite -->
</testng-results>
