<?xml version="1.0" encoding="UTF-8"?>
<testng-results ignored="0" total="4" passed="4" failed="0" skipped="0">
  <reporter-output>
  </reporter-output>
  <suite started-at="2023-10-27T21:57:55 IST" name="Default suite" finished-at="2023-10-27T21:58:17 IST" duration-ms="21476">
    <groups>
    </groups>
    <test started-at="2023-10-27T21:57:55 IST" name="Default test" finished-at="2023-10-27T21:58:17 IST" duration-ms="21476">
      <class name="testcase.Login">
        <test-method is-config="true" signature="setUp()[pri:0, instance:testcase.Login@1b11171f]" started-at="2023-10-27T21:57:56 IST" name="setUp" finished-at="2023-10-27T21:58:01 IST" duration-ms="4624" status="PASS">
          <reporter-output>
          </reporter-output>
        </test-method> <!-- setUp -->
        <test-method signature="loginTest(java.lang.String,java.lang.String)[pri:0, instance:testcase.Login@1b11171f]" started-at="2023-10-27T21:58:01 IST" name="loginTest" data-provider="testdata" finished-at="2023-10-27T21:58:02 IST" duration-ms="906" status="PASS">
          <params>
            <param index="0">
              <value>
                <![CDATA[aaa@yopmail.com]]>
              </value>
            </param>
            <param index="1">
              <value>
                <![CDATA[123]]>
              </value>
            </param>
          </params>
          <reporter-output>
          </reporter-output>
        </test-method> <!-- loginTest -->
        <test-method is-config="true" signature="afterTest()[pri:0, instance:testcase.Login@1b11171f]" started-at="2023-10-27T21:58:02 IST" name="afterTest" finished-at="2023-10-27T21:58:02 IST" duration-ms="275" status="PASS">
          <reporter-output>
          </reporter-output>
        </test-method> <!-- afterTest -->
        <test-method is-config="true" signature="setUp()[pri:0, instance:testcase.Login@1b11171f]" started-at="2023-10-27T21:58:02 IST" name="setUp" finished-at="2023-10-27T21:58:06 IST" duration-ms="3638" status="PASS">
          <reporter-output>
          </reporter-output>
        </test-method> <!-- setUp -->
        <test-method signature="loginTest(java.lang.String,java.lang.String)[pri:0, instance:testcase.Login@1b11171f]" started-at="2023-10-27T21:58:06 IST" name="loginTest" data-provider="testdata" finished-at="2023-10-27T21:58:07 IST" duration-ms="871" status="PASS">
          <params>
            <param index="0">
              <value>
                <![CDATA[aaa@yopmail.com]]>
              </value>
            </param>
            <param index="1">
              <value>
                <![CDATA[Test@123]]>
              </value>
            </param>
          </params>
          <reporter-output>
          </reporter-output>
        </test-method> <!-- loginTest -->
        <test-method is-config="true" signature="afterTest()[pri:0, instance:testcase.Login@1b11171f]" started-at="2023-10-27T21:58:07 IST" name="afterTest" finished-at="2023-10-27T21:58:07 IST" duration-ms="276" status="PASS">
          <reporter-output>
          </reporter-output>
        </test-method> <!-- afterTest -->
        <test-method is-config="true" signature="setUp()[pri:0, instance:testcase.Login@1b11171f]" started-at="2023-10-27T21:58:07 IST" name="setUp" finished-at="2023-10-27T21:58:11 IST" duration-ms="3645" status="PASS">
          <reporter-output>
          </reporter-output>
        </test-method> <!-- setUp -->
        <test-method signature="loginTest(java.lang.String,java.lang.String)[pri:0, instance:testcase.Login@1b11171f]" started-at="2023-10-27T21:58:11 IST" name="loginTest" data-provider="testdata" finished-at="2023-10-27T21:58:12 IST" duration-ms="887" status="PASS">
          <params>
            <param index="0">
              <value>
                <![CDATA[testing@yopmail.com]]>
              </value>
            </param>
            <param index="1">
              <value>
                <![CDATA[123]]>
              </value>
            </param>
          </params>
          <reporter-output>
          </reporter-output>
        </test-method> <!-- loginTest -->
        <test-method is-config="true" signature="afterTest()[pri:0, instance:testcase.Login@1b11171f]" started-at="2023-10-27T21:58:12 IST" name="afterTest" finished-at="2023-10-27T21:58:12 IST" duration-ms="191" status="PASS">
          <reporter-output>
          </reporter-output>
        </test-method> <!-- afterTest -->
        <test-method is-config="true" signature="setUp()[pri:0, instance:testcase.Login@1b11171f]" started-at="2023-10-27T21:58:12 IST" name="setUp" finished-at="2023-10-27T21:58:15 IST" duration-ms="3623" status="PASS">
          <reporter-output>
          </reporter-output>
        </test-method> <!-- setUp -->
        <test-method signature="loginTest(java.lang.String,java.lang.String)[pri:0, instance:testcase.Login@1b11171f]" started-at="2023-10-27T21:58:15 IST" name="loginTest" data-provider="testdata" finished-at="2023-10-27T21:58:17 IST" duration-ms="1235" status="PASS">
          <params>
            <param index="0">
              <value>
                <![CDATA[testing@yopmail.com]]>
              </value>
            </param>
            <param index="1">
              <value>
                <![CDATA[Test@123]]>
              </value>
            </param>
          </params>
          <reporter-output>
          </reporter-output>
        </test-method> <!-- loginTest -->
        <test-method is-config="true" signature="afterTest()[pri:0, instance:testcase.Login@1b11171f]" started-at="2023-10-27T21:58:17 IST" name="afterTest" finished-at="2023-10-27T21:58:17 IST" duration-ms="264" status="PASS">
          <reporter-output>
          </reporter-output>
        </test-method> <!-- afterTest -->
      </class> <!-- testcase.Login -->
    </test> <!-- Default test -->
  </suite> <!-- Default suite -->
</testng-results>
