<?xml version="1.0" encoding="UTF-8"?>
<testng-results ignored="0" total="1" passed="1" failed="0" skipped="0">
  <reporter-output>
  </reporter-output>
  <suite started-at="2023-11-25T12:54:20 IST" name="Default suite" finished-at="2023-11-25T12:54:28 IST" duration-ms="8407">
    <groups>
    </groups>
    <test started-at="2023-11-25T12:54:20 IST" name="Default test" finished-at="2023-11-25T12:54:28 IST" duration-ms="8407">
      <class name="testcase.Calender">
        <test-method is-config="true" signature="setUp()[pri:0, instance:testcase.Calender@27f981c6]" started-at="2023-11-25T12:54:20 IST" name="setUp" finished-at="2023-11-25T12:54:27 IST" duration-ms="7448" status="PASS">
          <reporter-output>
          </reporter-output>
        </test-method> <!-- setUp -->
        <test-method signature="selectFutureDate()[pri:0, instance:testcase.Calender@27f981c6]" started-at="2023-11-25T12:54:27 IST" name="selectFutureDate" finished-at="2023-11-25T12:54:28 IST" duration-ms="585" status="PASS">
          <reporter-output>
          </reporter-output>
        </test-method> <!-- selectFutureDate -->
        <test-method is-config="true" signature="afterTest()[pri:0, instance:testcase.Calender@27f981c6]" started-at="2023-11-25T12:54:28 IST" name="afterTest" finished-at="2023-11-25T12:54:28 IST" duration-ms="323" status="PASS">
          <reporter-output>
          </reporter-output>
        </test-method> <!-- afterTest -->
      </class> <!-- testcase.Calender -->
    </test> <!-- Default test -->
  </suite> <!-- Default suite -->
</testng-results>
