<?xml version="1.0" encoding="UTF-8"?>
<testng-results ignored="0" total="1" passed="1" failed="0" skipped="0">
  <reporter-output>
  </reporter-output>
  <suite started-at="2023-10-22T22:38:31 IST" name="Default suite" finished-at="2023-10-22T22:38:35 IST" duration-ms="4259">
    <groups>
    </groups>
    <test started-at="2023-10-22T22:38:31 IST" name="Default test" finished-at="2023-10-22T22:38:35 IST" duration-ms="4259">
      <class name="testcase.LearnNewConcepts">
        <test-method signature="new1()[pri:0, instance:testcase.LearnNewConcepts@22d9c961]" started-at="2023-10-22T22:38:31 IST" name="new1" finished-at="2023-10-22T22:38:35 IST" duration-ms="4223" status="PASS">
          <reporter-output>
          </reporter-output>
        </test-method> <!-- new1 -->
      </class> <!-- testcase.LearnNewConcepts -->
    </test> <!-- Default test -->
  </suite> <!-- Default suite -->
</testng-results>
