<?xml version="1.0" encoding="UTF-8"?>
<testng-results ignored="2" total="3" passed="1" failed="0" skipped="0">
  <reporter-output>
  </reporter-output>
  <suite started-at="2023-10-19T17:49:42 IST" name="Default suite" finished-at="2023-10-19T17:49:48 IST" duration-ms="6156">
    <groups>
    </groups>
    <test started-at="2023-10-19T17:49:42 IST" name="Default test" finished-at="2023-10-19T17:49:48 IST" duration-ms="6156">
      <class name="testcase.Register">
        <test-method is-config="true" signature="setUp()[pri:0, instance:testcase.Register@74751b3]" started-at="2023-10-19T17:49:42 IST" name="setUp" finished-at="2023-10-19T17:49:46 IST" duration-ms="4540" status="PASS">
          <reporter-output>
          </reporter-output>
        </test-method> <!-- setUp -->
        <test-method signature="verifyIfUserDisplayedErrorMsgWhenDetailsNotEntered()[pri:3, instance:testcase.Register@74751b3]" started-at="2023-10-19T17:49:46 IST" name="verifyIfUserDisplayedErrorMsgWhenDetailsNotEntered" finished-at="2023-10-19T17:49:48 IST" duration-ms="1314" status="PASS">
          <reporter-output>
          </reporter-output>
        </test-method> <!-- verifyIfUserDisplayedErrorMsgWhenDetailsNotEntered -->
        <test-method is-config="true" signature="afterTest()[pri:0, instance:testcase.Register@74751b3]" started-at="2023-10-19T17:49:48 IST" name="afterTest" finished-at="2023-10-19T17:49:48 IST" duration-ms="259" status="PASS">
          <reporter-output>
          </reporter-output>
        </test-method> <!-- afterTest -->
      </class> <!-- testcase.Register -->
    </test> <!-- Default test -->
  </suite> <!-- Default suite -->
</testng-results>
